[Type Error] Function 'main' expects argument 1 to be of type 'int' at examples/compilation/errors/semantic/func_proc/argument/structure.arn:23:23.
  But the provided argument 'p.naissance' is of type 'date'.
  Ensure the argument type matches the expected type for the function or procedure.

[Type Error] Function 'main' expects argument 1 to be of type 'int' at examples/compilation/errors/semantic/func_proc/argument/structure.arn:24:29.
  But the provided argument 'p.naissance.annee' is of type 'float'.
  Ensure the argument type matches the expected type for the function or procedure.

Verbose mode enabled. Printing tables and ast...

+----------------------------+
| Lexeme Table: 20 entries   |
+------------+----------------------+------------+------------+
| Index      | Lexeme               | Length     | Next       |
+------------+----------------------+------------+------------+
| 0          | int                  | 3          | -1         |
| 1          | float                | 5          | 9          |
| 2          | bool                 | 4          | -1         |
| 3          | char                 | 4          | 4          |
+------------+----------------------+------------+------------+
| 4          | date                 | 4          | -1         |
| 5          | jour                 | 4          | -1         |
| 6          | mois                 | 4          | 14         |
| 7          | annee                | 5          | -1         |
| 8          | personne             | 8          | -1         |
| 9          | numero               | 6          | -1         |
| 10         | naissance            | 9          | -1         |
| 11         | age                  | 3          | -1         |
| 12         | taille               | 6          | -1         |
| 13         | p                    | 1          | 18         |
| 14         | x                    | 1          | -1         |
| 15         | main                 | 4          | -1         |
| 16         | a                    | 1          | -1         |
| 17         | b                    | 1          | -1         |
| 18         | 0                    | 1          | 19         |
| 19         | 2.0                  | 3          | -1         |
+------------+----------------------+------------+------------+

+--------------+
| Hash Table   |
+------------+----------------------+
| Hash       | Lexicographic Index  |
+------------+----------------------+
| 0          | 5                    |
| 1          | 16                   |
| 2          | 17                   |
| 5          | 15                   |
| 7          | 7                    |
| 10         | 8                    |
| 11         | 0                    |
| 12         | 2                    |
| 13         | 11                   |
| 16         | 19                   |
| 21         | 10                   |
| 22         | 9                    |
| 24         | 14                   |
| 27         | 12                   |
| 30         | 4                    |
+------------+----------------------+

+---------------------+
| Declaration Table   |
+------------+-----------------+------------+-----------------+-----------------+-----------------+
| Index      | Nature          | Suivant    | Région         | Description     | Exécution      |
+------------+-----------------+------------+-----------------+-----------------+-----------------+
| 0          | TYPE_BASE       | -1         | 0               | 0               | 1               |
| 1          | TYPE_BASE       | -1         | 0               | 1               | 1               |
| 2          | TYPE_BASE       | -1         | 0               | 2               | 1               |
| 3          | TYPE_BASE       | -1         | 0               | 3               | 1               |
+------------+-----------------+------------+-----------------+-----------------+-----------------+
| 4          | TYPE_STRUCT     | -1         | 0               | 0               | 3               |
| 8          | TYPE_STRUCT     | -1         | 0               | 10              | 6               |
| 13         | TYPE_VAR        | -1         | 0               | 8               | 0               |
| 14         | TYPE_VAR        | -1         | 0               | 0               | 6               |
| 15         | TYPE_FUNC       | -1         | 0               | 23              | 1               |
| 16         | TYPE_PARAM      | -1         | 1               | 0               | 2               |
| 17         | TYPE_PARAM      | -1         | 1               | 1               | 3               |
+------------+-----------------+------------+-----------------+-----------------+-----------------+

+------------------------+
| Representation Table   |
+------------+----------------------+
| Index      | Value                |
+------------+----------------------+
| 0          | 3                    |
| 1          | 5                    |
| 2          | 0                    |
| 3          | 0                    |
| 4          | 6                    |
| 5          | 0                    |
| 6          | 1                    |
| 7          | 7                    |
| 8          | 1                    |
| 9          | 2                    |
| 10         | 4                    |
| 11         | 9                    |
| 12         | 0                    |
| 13         | 0                    |
| 14         | 10                   |
| 15         | 4                    |
| 16         | 1                    |
| 17         | 11                   |
| 18         | 0                    |
| 19         | 4                    |
| 20         | 12                   |
| 21         | 1                    |
| 22         | 5                    |
| 23         | 0                    |
| 24         | 2                    |
| 25         | 16                   |
| 26         | 0                    |
| 27         | 17                   |
| 28         | 1                    |
+------------+----------------------+

+----------------+
| Region Table   |
+------------+------------+------------+------------+
| Index      | Size       | NIS        | AST        |
+------------+------------+------------+------------+
| 0          | 7          | 0          | -1         |
| 1          | 4          | 1          | -1         |
+------------+------------+------------+------------+

+----------------+
| Region 0 AST   |
+------------------------------------------------------------------------+
Root of the AST:
├── A_PROGRAM, Lexico Idx: -1, Decl Idx: -1
│   ├── A_DECLARATION_LIST, Lexico Idx: -1, Decl Idx: -1
│   │   ├── A_TYPE_STRUCT_DECLARATION, Lexico Idx: 4, Decl Idx: 4 -- Lexeme: 'date'
│   │   │   ├── A_STRUCT_FIELD_LIST, Lexico Idx: -1, Decl Idx: -1
│   │   │   │   ├── A_STRUCT_FIELD, Lexico Idx: 7, Decl Idx: 1 -- Lexeme: 'annee'
│   │   │   │   └── A_STRUCT_FIELD, Lexico Idx: 6, Decl Idx: 0 -- Lexeme: 'mois'
│   │   │   │   └── A_STRUCT_FIELD, Lexico Idx: 5, Decl Idx: 0 -- Lexeme: 'jour'
│   │   └── A_TYPE_STRUCT_DECLARATION, Lexico Idx: 8, Decl Idx: 8 -- Lexeme: 'personne'
│   │   │   ├── A_STRUCT_FIELD_LIST, Lexico Idx: -1, Decl Idx: -1
│   │   │   │   ├── A_STRUCT_FIELD, Lexico Idx: 12, Decl Idx: 1 -- Lexeme: 'taille'
│   │   │   │   └── A_STRUCT_FIELD, Lexico Idx: 11, Decl Idx: 0 -- Lexeme: 'age'
│   │   │   │   └── A_STRUCT_FIELD, Lexico Idx: 10, Decl Idx: 4 -- Lexeme: 'naissance'
│   │   │   │   └── A_STRUCT_FIELD, Lexico Idx: 9, Decl Idx: 0 -- Lexeme: 'numero'
│   │   └── A_VARIABLE_DECLARATION, Lexico Idx: 13, Decl Idx: 13 -- Lexeme: 'p'
│   │   └── A_VARIABLE_DECLARATION, Lexico Idx: 14, Decl Idx: 14 -- Lexeme: 'x'
│   │   └── A_FUNCTION_DECLARATION, Lexico Idx: 15, Decl Idx: 15 -- Lexeme: 'main'
│   └── A_STATEMENT_LIST, Lexico Idx: -1, Decl Idx: -1
│   │   ├── A_FUNC_PROC_CALL_STATEMENT, Lexico Idx: 15, Decl Idx: 15 -- Lexeme: 'main'
│   │   │   ├── A_ARGUMENT_LIST, Lexico Idx: -1, Decl Idx: -1
│   │   │   │   ├── A_ARGUMENT, Lexico Idx: -1, Decl Idx: -1
│   │   │   │   │   ├── A_STRUCT_FIELD_ACCESS, Lexico Idx: 13, Decl Idx: 13 -- Lexeme: 'p'
│   │   │   │   │   │   ├── A_STRUCT_FIELD_ACCESS, Lexico Idx: 10, Decl Idx: -1 -- Lexeme: 'naissance'
│   │   │   │   └── A_ARGUMENT, Lexico Idx: -1, Decl Idx: -1
│   │   │   │   │   ├── A_FLOAT_LITERAL, Lexico Idx: 19, Decl Idx: -1 -- Lexeme: '2.0'
│   │   └── A_FUNC_PROC_CALL_STATEMENT, Lexico Idx: 15, Decl Idx: 15 -- Lexeme: 'main'
│   │   │   ├── A_ARGUMENT_LIST, Lexico Idx: -1, Decl Idx: -1
│   │   │   │   ├── A_ARGUMENT, Lexico Idx: -1, Decl Idx: -1
│   │   │   │   │   ├── A_STRUCT_FIELD_ACCESS, Lexico Idx: 13, Decl Idx: 13 -- Lexeme: 'p'
│   │   │   │   │   │   ├── A_STRUCT_FIELD_ACCESS, Lexico Idx: 10, Decl Idx: -1 -- Lexeme: 'naissance'
│   │   │   │   │   │   │   ├── A_STRUCT_FIELD_ACCESS, Lexico Idx: 7, Decl Idx: -1 -- Lexeme: 'annee'
│   │   │   │   └── A_ARGUMENT, Lexico Idx: -1, Decl Idx: -1
│   │   │   │   │   ├── A_FLOAT_LITERAL, Lexico Idx: 19, Decl Idx: -1 -- Lexeme: '2.0'
│   │   └── A_FUNC_PROC_CALL_STATEMENT, Lexico Idx: 15, Decl Idx: 15 -- Lexeme: 'main'
│   │   │   ├── A_ARGUMENT_LIST, Lexico Idx: -1, Decl Idx: -1
│   │   │   │   ├── A_ARGUMENT, Lexico Idx: -1, Decl Idx: -1
│   │   │   │   │   ├── A_STRUCT_FIELD_ACCESS, Lexico Idx: 13, Decl Idx: 13 -- Lexeme: 'p'
│   │   │   │   │   │   ├── A_STRUCT_FIELD_ACCESS, Lexico Idx: 10, Decl Idx: -1 -- Lexeme: 'naissance'
│   │   │   │   │   │   │   ├── A_STRUCT_FIELD_ACCESS, Lexico Idx: 5, Decl Idx: -1 -- Lexeme: 'jour'
│   │   │   │   └── A_ARGUMENT, Lexico Idx: -1, Decl Idx: -1
│   │   │   │   │   ├── A_FLOAT_LITERAL, Lexico Idx: 19, Decl Idx: -1 -- Lexeme: '2.0'
+------------------------------------------------------------------------+


+----------------+
| Region 1 AST   |
+------------------------------------------------------------------------+
Root of the AST:
├── A_FUNCTION_DECLARATION, Lexico Idx: 15, Decl Idx: 15 -- Lexeme: 'main'
│   ├── A_PARAMETER_LIST, Lexico Idx: -1, Decl Idx: -1
│   │   ├── A_PARAMETER, Lexico Idx: 16, Decl Idx: 16 -- Lexeme: 'a'
│   │   └── A_PARAMETER, Lexico Idx: 17, Decl Idx: 17 -- Lexeme: 'b'
│   └── A_STATEMENT_LIST, Lexico Idx: -1, Decl Idx: -1
│   │   ├── A_RETURN_STATEMENT, Lexico Idx: -1, Decl Idx: -1
│   │   │   ├── A_INTEGER_LITERAL, Lexico Idx: 18, Decl Idx: -1 -- Lexeme: '0'
+------------------------------------------------------------------------+

