[Type Error] Redefinition of the array at example/compilation/errors/semantic/overload/assignement.txt:8:15.
  The type 'x' has already been defined in the current scope.
  Consider renaming or modifying the existing definition to avoid conflict.

[Semantic Error] Redefinition of variable 'x' at example/compilation/errors/semantic/overload/assignement.txt:10:13.
  This variable has already been defined in the current scope.
  Consider renaming or modifying the existing definition.

[Semantic Warning] Redefinition of variable 'x' at example/compilation/errors/semantic/overload/assignement.txt:13:17.
  This variable has already been defined in the current scope.
  Consider renaming or modifying the existing definition.

Verbose mode enabled. Printing tables and ast...

+----------------------------+
| Lexeme Table: 11 entries   |
+------------+----------------------+------------+------------+
| Index      | Lexeme               | Length     | Next       |
+------------+----------------------+------------+------------+
| 0          | int                  | 3          | -1         |
| 1          | float                | 5          | -1         |
| 2          | bool                 | 4          | -1         |
| 3          | char                 | 4          | -1         |
+------------+----------------------+------------+------------+
| 4          | x                    | 1          | -1         |
| 5          | a                    | 1          | 8          |
| 6          | b                    | 1          | -1         |
| 7          | 0                    | 1          | -1         |
| 8          | 10                   | 2          | -1         |
| 9          | main                 | 4          | -1         |
| 10         | 1                    | 1          | -1         |
+------------+----------------------+------------+------------+

+--------------+
| Hash Table   |
+------------+----------------------+
| Hash       | Lexicographic Index  |
+------------+----------------------+
| 1          | 8                    |
| 2          | 6                    |
| 5          | 9                    |
| 11         | 0                    |
| 12         | 2                    |
| 16         | 7                    |
| 17         | 10                   |
| 22         | 1                    |
| 24         | 4                    |
| 30         | 3                    |
+------------+----------------------+

+---------------------+
| Declaration Table   |
+------------+-----------------+------------+-----------------+-----------------+-----------------+
| Index      | Nature          | Suivant    | Région         | Description     | Exécution      |
+------------+-----------------+------------+-----------------+-----------------+-----------------+
| 0          | TYPE_BASE       | -1         | 0               | 0               | 1               |
| 1          | TYPE_BASE       | -1         | 0               | 1               | 1               |
| 2          | TYPE_BASE       | -1         | 0               | 2               | 1               |
| 3          | TYPE_BASE       | -1         | 0               | 3               | 1               |
+------------+-----------------+------------+-----------------+-----------------+-----------------+
| 4          | TYPE_STRUCT     | 500        | 0               | 0               | 2               |
| 5          | TYPE_PARAM      | -1         | 1               | 1               | 2               |
| 9          | TYPE_PROC       | -1         | 0               | 11              | 1               |
+------------+-----------------+------------+-----------------+-----------------+-----------------+
+------------+-----------------+------------+-----------------+-----------------+-----------------+
| 500        | TYPE_ARRAY      | 501        | 0               | 7               | 11              |
| 501        | TYPE_VAR        | 502        | 0               | 500             | 0               |
| 502        | TYPE_VAR        | 503        | 0               | 0               | 11              |
| 503        | TYPE_VAR        | -1         | 1               | 0               | 3               |
+------------+-----------------+------------+-----------------+-----------------+-----------------+

+------------------------+
| Representation Table   |
+------------+----------------------+
| Index      | Value                |
+------------+----------------------+
| 0          | 2                    |
| 1          | 5                    |
| 2          | 0                    |
| 3          | 0                    |
| 4          | 6                    |
| 5          | 1                    |
| 6          | 1                    |
| 7          | 0                    |
| 8          | 1                    |
| 9          | 0                    |
| 10         | 10                   |
| 11         | 1                    |
| 12         | 5                    |
| 13         | 1                    |
+------------+----------------------+

+----------------+
| Region Table   |
+------------+------------+------------+------------+
| Index      | Size       | NIS        | AST        |
+------------+------------+------------+------------+
| 0          | 12         | 0          | -1         |
| 1          | 4          | 1          | -1         |
+------------+------------+------------+------------+

+----------------+
| Region 0 AST   |
+------------------------------------------------------------------------+
Root of the AST:
├── A_PROGRAM, Lexico Idx: -1, Decl Idx: -1
│   ├── A_DECLARATION_LIST, Lexico Idx: -1, Decl Idx: -1
│   │   ├── A_TYPE_STRUCT_DECLARATION, Lexico Idx: 4, Decl Idx: 4 -- Lexeme: 'x'
│   │   │   ├── A_STRUCT_FIELD_LIST, Lexico Idx: -1, Decl Idx: -1
│   │   │   │   ├── A_STRUCT_FIELD, Lexico Idx: 6, Decl Idx: 1 -- Lexeme: 'b'
│   │   │   │   └── A_STRUCT_FIELD, Lexico Idx: 5, Decl Idx: 0 -- Lexeme: 'a'
│   │   └── A_TYPE_ARRAY_DECLARATION, Lexico Idx: 4, Decl Idx: 500 -- Lexeme: 'x'
│   │   └── A_VARIABLE_DECLARATION, Lexico Idx: 4, Decl Idx: 501 -- Lexeme: 'x'
│   │   └── A_VARIABLE_DECLARATION, Lexico Idx: 4, Decl Idx: 502 -- Lexeme: 'x'
│   │   └── A_PROCEDURE_DECLARATION, Lexico Idx: 9, Decl Idx: 9 -- Lexeme: 'main'
+------------------------------------------------------------------------+


+----------------+
| Region 1 AST   |
+------------------------------------------------------------------------+
Root of the AST:
├── A_PROCEDURE_DECLARATION, Lexico Idx: 9, Decl Idx: 9 -- Lexeme: 'main'
│   ├── A_PARAMETER_LIST, Lexico Idx: -1, Decl Idx: -1
│   │   ├── A_PARAMETER, Lexico Idx: 5, Decl Idx: 5 -- Lexeme: 'a'
│   └── A_DECLARATION_LIST, Lexico Idx: -1, Decl Idx: -1
│   │   ├── A_VARIABLE_DECLARATION, Lexico Idx: 4, Decl Idx: 503 -- Lexeme: 'x'
│   └── A_STATEMENT_LIST, Lexico Idx: -1, Decl Idx: -1
│   │   ├── A_ASSIGNMENT_STATEMENT, Lexico Idx: -1, Decl Idx: -1
│   │   │   ├── A_VARIABLE_ASSIGNMENT, Lexico Idx: 4, Decl Idx: 503 -- Lexeme: 'x'
│   │   │   │   ├── A_INTEGER_LITERAL, Lexico Idx: 10, Decl Idx: -1 -- Lexeme: '1'
+------------------------------------------------------------------------+

