[Type Error] Undefined type at example/compilation/errors/semantic/type/undefined.txt:3:11.
  The type 'x' is not defined in the current scope.
  Ensure the type is properly declared before use.

Verbose mode enabled. Printing tables and ast...

+---------------------------+
| Lexeme Table: 6 entries   |
+------------+----------------------+------------+------------+
| Index      | Lexeme               | Length     | Next       |
+------------+----------------------+------------+------------+
| 0          | int                  | 3          | -1         |
| 1          | float                | 5          | -1         |
| 2          | bool                 | 4          | -1         |
| 3          | char                 | 4          | -1         |
+------------+----------------------+------------+------------+
| 4          | x                    | 1          | -1         |
| 5          | z                    | 1          | -1         |
+------------+----------------------+------------+------------+

+--------------+
| Hash Table   |
+------------+----------------------+
| Hash       | Lexicographic Index  |
+------------+----------------------+
| 11         | 0                    |
| 12         | 2                    |
| 22         | 1                    |
| 24         | 4                    |
| 26         | 5                    |
| 30         | 3                    |
+------------+----------------------+

+---------------------+
| Declaration Table   |
+------------+-----------------+------------+-----------------+-----------------+-----------------+
| Index      | Nature          | Suivant    | Région         | Description     | Exécution      |
+------------+-----------------+------------+-----------------+-----------------+-----------------+
| 0          | TYPE_BASE       | -1         | 0               | 0               | 1               |
| 1          | TYPE_BASE       | -1         | 0               | 1               | 1               |
| 2          | TYPE_BASE       | -1         | 0               | 2               | 1               |
| 3          | TYPE_BASE       | -1         | 0               | 3               | 1               |
+------------+-----------------+------------+-----------------+-----------------+-----------------+
| 4          | TYPE_VAR        | -1         | 0               | 0               | 0               |
| 5          | TYPE_VAR        | -1         | 0               | -1              | 1               |
+------------+-----------------+------------+-----------------+-----------------+-----------------+

+------------------------+
| Representation Table   |
+------------+----------------------+
| Index      | Value                |
+------------+----------------------+
+------------+----------------------+

+----------------+
| Region Table   |
+------------+------------+------------+------------+
| Index      | Size       | NIS        | AST        |
+------------+------------+------------+------------+
| 0          | 0          | 0          | -1         |
+------------+------------+------------+------------+

+----------------+
| Region 0 AST   |
+------------------------------------------------------------------------+
Root of the AST:
├── A_PROGRAM, Lexico Idx: -1, Decl Idx: -1
│   ├── A_DECLARATION_LIST, Lexico Idx: -1, Decl Idx: -1
│   │   ├── A_VARIABLE_DECLARATION, Lexico Idx: 4, Decl Idx: 4 -- Lexeme: 'x'
│   │   └── A_VARIABLE_DECLARATION, Lexico Idx: 5, Decl Idx: 5 -- Lexeme: 'z'
+------------------------------------------------------------------------+

